TN:
SF:src/lib/block.ts
FN:23,Block
FN:36,getHash
FN:46,isValid
FNF:3
FNH:3
FNDA:8,Block
FNDA:13,getHash
FNDA:7,isValid
DA:1,1
DA:2,1
DA:3,1
DA:4,1
DA:5,1
DA:6,1
DA:7,1
DA:8,1
DA:9,1
DA:10,1
DA:11,1
DA:12,1
DA:13,1
DA:14,1
DA:15,1
DA:16,1
DA:17,1
DA:18,1
DA:19,1
DA:20,1
DA:21,1
DA:22,1
DA:23,1
DA:24,8
DA:25,8
DA:26,8
DA:27,8
DA:28,8
DA:29,8
DA:30,8
DA:31,1
DA:32,1
DA:33,1
DA:34,1
DA:35,1
DA:36,1
DA:37,13
DA:38,13
DA:39,13
DA:40,13
DA:41,1
DA:42,1
DA:43,1
DA:44,1
DA:45,1
DA:46,1
DA:47,7
DA:48,7
DA:49,4
DA:50,4
DA:51,7
DA:52,3
DA:53,7
DA:54,2
DA:55,7
DA:56,1
DA:57,1
DA:58,1
DA:59,1
LF:59
LH:59
BRDA:23,0,0,8
BRDA:24,1,0,1
BRDA:24,2,0,7
BRDA:24,3,0,2
BRDA:25,4,0,1
BRDA:25,5,0,7
BRDA:25,6,0,2
BRDA:26,7,0,1
BRDA:26,8,0,7
BRDA:26,9,0,3
BRDA:28,10,0,1
BRDA:28,11,0,7
BRDA:29,12,0,1
BRDA:29,13,0,7
BRDA:36,14,0,13
BRDA:46,15,0,7
BRDA:47,16,0,2
BRDA:48,17,0,5
BRDA:48,18,0,1
BRDA:49,19,0,4
BRDA:51,20,0,1
BRDA:52,21,0,3
BRDA:53,22,0,1
BRDA:54,23,0,2
BRDA:55,24,0,1
BRF:25
BRH:25
end_of_record
TN:
SF:src/lib/blockchain.ts
FN:8,BlockChain
FN:19,getLastBlock
FN:23,addBlock
FN:36,getBlock
FN:40,isValid
FNF:5
FNH:5
FNDA:7,BlockChain
FNDA:4,getLastBlock
FNDA:4,addBlock
FNDA:1,getBlock
FNDA:3,isValid
DA:1,1
DA:2,1
DA:3,1
DA:4,1
DA:5,1
DA:6,1
DA:7,1
DA:8,1
DA:9,7
DA:10,7
DA:11,7
DA:12,7
DA:13,7
DA:14,7
DA:15,7
DA:16,7
DA:17,7
DA:18,1
DA:19,1
DA:20,4
DA:21,4
DA:22,1
DA:23,1
DA:24,4
DA:25,4
DA:26,4
DA:27,4
DA:28,4
DA:29,3
DA:30,3
DA:31,3
DA:32,3
DA:33,3
DA:34,3
DA:35,1
DA:36,1
DA:37,1
DA:38,1
DA:39,1
DA:40,1
DA:41,3
DA:42,2
DA:43,2
DA:44,2
DA:45,2
DA:46,2
DA:47,2
DA:48,2
DA:49,2
DA:50,2
DA:51,2
DA:52,1
DA:53,1
DA:54,1
DA:55,2
DA:56,2
DA:57,2
DA:58,2
DA:59,1
LF:59
LH:59
BRDA:8,0,0,7
BRDA:19,1,0,4
BRDA:23,2,0,4
BRDA:28,3,0,1
BRDA:29,4,0,3
BRDA:36,5,0,1
BRDA:37,6,0,1
BRDA:40,7,0,3
BRDA:41,8,0,2
BRDA:51,9,0,1
BRF:10
BRH:10
end_of_record
TN:
SF:src/lib/validation.ts
FN:18,Validation
FNF:1
FNH:1
FNDA:21,Validation
DA:1,1
DA:2,1
DA:3,1
DA:4,1
DA:5,1
DA:6,1
DA:7,1
DA:8,1
DA:9,1
DA:10,1
DA:11,1
DA:12,1
DA:13,1
DA:14,1
DA:15,1
DA:16,1
DA:17,1
DA:18,1
DA:19,21
DA:20,21
DA:21,21
DA:22,1
LF:22
LH:22
BRDA:18,0,0,21
BRF:1
BRH:1
end_of_record
TN:
SF:src/server/blockchainServer.ts
FNF:0
FNH:0
DA:1,1
DA:2,1
DA:3,1
DA:4,1
DA:5,1
DA:6,1
DA:7,1
DA:8,1
DA:9,1
DA:10,1
DA:11,1
DA:12,0
DA:13,0
DA:14,1
DA:15,1
DA:16,1
DA:17,1
DA:18,1
DA:19,1
DA:20,1
DA:21,1
DA:22,1
DA:23,1
DA:24,1
DA:25,1
DA:26,1
DA:27,1
DA:28,0
DA:29,0
DA:30,0
DA:31,0
DA:32,0
DA:33,0
DA:34,0
DA:35,0
DA:36,0
DA:37,0
DA:38,0
DA:39,0
DA:40,0
DA:41,0
DA:42,0
DA:43,0
DA:44,0
DA:45,1
DA:46,1
DA:47,1
DA:48,0
DA:49,0
DA:50,0
DA:51,0
DA:52,0
DA:53,0
DA:54,0
DA:55,0
DA:56,0
DA:57,0
DA:58,0
DA:59,1
DA:60,1
DA:61,1
DA:62,0
DA:63,0
DA:64,0
DA:65,0
DA:66,1
DA:67,1
LF:67
LH:33
BRDA:11,0,0,0
BRDA:61,1,0,0
BRDA:19,2,0,1
BRF:3
BRH:1
end_of_record
