TN:
SF:src/lib/block.ts
FN:23,Block
FN:36,getHash
FN:46,isValid
FNF:3
FNH:3
FNDA:19,Block
FNDA:30,getHash
FNDA:13,isValid
DA:1,1
DA:2,1
DA:3,1
DA:4,1
DA:5,1
DA:6,1
DA:7,1
DA:8,1
DA:9,1
DA:10,1
DA:11,1
DA:12,1
DA:13,1
DA:14,1
DA:15,1
DA:16,1
DA:17,1
DA:18,1
DA:19,1
DA:20,1
DA:21,1
DA:22,1
DA:23,1
DA:24,19
DA:25,19
DA:26,19
DA:27,19
DA:28,19
DA:29,19
DA:30,19
DA:31,1
DA:32,1
DA:33,1
DA:34,1
DA:35,1
DA:36,1
DA:37,30
DA:38,30
DA:39,30
DA:40,30
DA:41,1
DA:42,1
DA:43,1
DA:44,1
DA:45,1
DA:46,1
DA:47,13
DA:48,13
DA:49,10
DA:50,10
DA:51,13
DA:52,8
DA:53,13
DA:54,6
DA:55,13
DA:56,5
DA:57,5
DA:58,5
DA:59,1
LF:59
LH:59
BRDA:23,0,0,19
BRDA:24,1,0,1
BRDA:24,2,0,18
BRDA:24,3,0,2
BRDA:25,4,0,1
BRDA:25,5,0,18
BRDA:25,6,0,9
BRDA:26,7,0,1
BRDA:26,8,0,18
BRDA:26,9,0,10
BRDA:28,10,0,1
BRDA:28,11,0,18
BRDA:29,12,0,1
BRDA:29,13,0,18
BRDA:36,14,0,30
BRDA:46,15,0,13
BRDA:47,16,0,2
BRDA:48,17,0,11
BRDA:48,18,0,1
BRDA:49,19,0,10
BRDA:51,20,0,2
BRDA:52,21,0,8
BRDA:53,22,0,2
BRDA:54,23,0,6
BRDA:55,24,0,7
BRDA:55,25,0,1
BRDA:56,26,0,5
BRF:27
BRH:27
end_of_record
TN:
SF:src/lib/blockchain.ts
FN:8,BlockChain
FN:19,getLastBlock
FN:23,addBlock
FN:36,getBlock
FN:40,isValid
FNF:5
FNH:5
FNDA:7,BlockChain
FNDA:4,getLastBlock
FNDA:4,addBlock
FNDA:1,getBlock
FNDA:3,isValid
DA:1,1
DA:2,1
DA:3,1
DA:4,1
DA:5,1
DA:6,1
DA:7,1
DA:8,1
DA:9,7
DA:10,7
DA:11,7
DA:12,7
DA:13,7
DA:14,7
DA:15,7
DA:16,7
DA:17,7
DA:18,1
DA:19,1
DA:20,4
DA:21,4
DA:22,1
DA:23,1
DA:24,4
DA:25,4
DA:26,4
DA:27,4
DA:28,4
DA:29,3
DA:30,3
DA:31,3
DA:32,3
DA:33,3
DA:34,3
DA:35,1
DA:36,1
DA:37,1
DA:38,1
DA:39,1
DA:40,1
DA:41,3
DA:42,2
DA:43,2
DA:44,2
DA:45,2
DA:46,2
DA:47,2
DA:48,2
DA:49,2
DA:50,2
DA:51,2
DA:52,1
DA:53,1
DA:54,1
DA:55,2
DA:56,2
DA:57,2
DA:58,2
DA:59,1
LF:59
LH:59
BRDA:8,0,0,7
BRDA:19,1,0,4
BRDA:23,2,0,4
BRDA:28,3,0,1
BRDA:29,4,0,3
BRDA:36,5,0,1
BRDA:37,6,0,1
BRDA:40,7,0,3
BRDA:41,8,0,2
BRDA:51,9,0,1
BRF:10
BRH:10
end_of_record
TN:
SF:src/lib/validation.ts
FN:18,Validation
FNF:1
FNH:1
FNDA:20,Validation
DA:1,1
DA:2,1
DA:3,1
DA:4,1
DA:5,1
DA:6,1
DA:7,1
DA:8,1
DA:9,1
DA:10,1
DA:11,1
DA:12,1
DA:13,1
DA:14,1
DA:15,1
DA:16,1
DA:17,1
DA:18,1
DA:19,20
DA:20,20
DA:21,20
DA:22,1
LF:22
LH:22
BRDA:18,0,0,20
BRF:1
BRH:1
end_of_record
